# JRE version: OpenJDK Runtime Environment (8.0_152-b06) (build 1.8.0_152-release-1136-b06)
# Java VM: OpenJDK 64-Bit Server VM (25.152-b06 mixed mode windows-amd64 compressed oops)
Heap:
 PSYoungGen      total 187904K, used 87775K [0x00000000e0000000, 0x00000000efa00000, 0x0000000100000000)
  eden space 168960K, 45% used [0x00000000e0000000,0x00000000e4b63010,0x00000000ea500000)
  from space 18944K, 55% used [0x00000000ea500000,0x00000000eaf54cd8,0x00000000eb780000)
  to   space 18432K, 0% used [0x00000000ee800000,0x00000000ee800000,0x00000000efa00000)
 ParOldGen       total 107520K, used 44960K [0x00000000a0000000, 0x00000000a6900000, 0x00000000e0000000)
  object space 107520K, 41% used [0x00000000a0000000,0x00000000a2be8258,0x00000000a6900000)
 Metaspace       used 67946K, capacity 70770K, committed 70912K, reserved 1110016K
  class space    used 9030K, capacity 9681K, committed 9728K, reserved 1048576K
GC Heap History (10 events):
Event: 17.151 GC heap before
{Heap before GC invocations=18 (full 3):
 PSYoungGen      total 139776K, used 13261K [0x00000000e0000000, 0x00000000ec280000, 0x0000000100000000)
  eden space 120832K, 0% used [0x00000000e0000000,0x00000000e0000000,0x00000000e7600000)
  from space 18944K, 70% used [0x00000000e7600000,0x00000000e82f3600,0x00000000e8880000)
  to   space 19968K, 0% used [0x00000000eaf00000,0x00000000eaf00000,0x00000000ec280000)
 ParOldGen       total 59392K, used 42726K [0x00000000a0000000, 0x00000000a3a00000, 0x00000000e0000000)
  object space 59392K, 71% used [0x00000000a0000000,0x00000000a29b9808,0x00000000a3a00000)
 Metaspace       used 57020K, capacity 58832K, committed 59008K, reserved 1099776K
  class space    used 7847K, capacity 8296K, committed 8320K, reserved 1048576K
Event: 17.484 GC heap after
Heap after GC invocations=18 (full 3):
 PSYoungGen      total 139776K, used 0K [0x00000000e0000000, 0x00000000ec280000, 0x0000000100000000)
  eden space 120832K, 0% used [0x00000000e0000000,0x00000000e0000000,0x00000000e7600000)
  from space 18944K, 0% used [0x00000000e7600000,0x00000000e7600000,0x00000000e8880000)
  to   space 19968K, 0% used [0x00000000eaf00000,0x00000000eaf00000,0x00000000ec280000)
 ParOldGen       total 107520K, used 44928K [0x00000000a0000000, 0x00000000a6900000, 0x00000000e0000000)
  object space 107520K, 41% used [0x00000000a0000000,0x00000000a2be0258,0x00000000a6900000)
 Metaspace       used 57020K, capacity 58832K, committed 59008K, reserved 1099776K
  class space    used 7847K, capacity 8296K, committed 8320K, reserved 1048576K
}
Event: 24.112 GC heap before
{Heap before GC invocations=19 (full 3):
 PSYoungGen      total 139776K, used 120832K [0x00000000e0000000, 0x00000000ec280000, 0x0000000100000000)
  eden space 120832K, 100% used [0x00000000e0000000,0x00000000e7600000,0x00000000e7600000)
  from space 18944K, 0% used [0x00000000e7600000,0x00000000e7600000,0x00000000e8880000)
  to   space 19968K, 0% used [0x00000000eaf00000,0x00000000eaf00000,0x00000000ec280000)
 ParOldGen       total 107520K, used 44928K [0x00000000a0000000, 0x00000000a6900000, 0x00000000e0000000)
  object space 107520K, 41% used [0x00000000a0000000,0x00000000a2be0258,0x00000000a6900000)
 Metaspace       used 62398K, capacity 64680K, committed 64768K, reserved 1105920K
  class space    used 8349K, capacity 8920K, committed 8960K, reserved 1048576K
Event: 24.161 GC heap after
Heap after GC invocations=19 (full 3):
 PSYoungGen      total 159744K, used 9967K [0x00000000e0000000, 0x00000000eb900000, 0x0000000100000000)
  eden space 149504K, 0% used [0x00000000e0000000,0x00000000e0000000,0x00000000e9200000)
  from space 10240K, 97% used [0x00000000eaf00000,0x00000000eb8bbe48,0x00000000eb900000)
  to   space 19456K, 0% used [0x00000000e9300000,0x00000000e9300000,0x00000000ea600000)
 ParOldGen       total 107520K, used 44936K [0x00000000a0000000, 0x00000000a6900000, 0x00000000e0000000)
  object space 107520K, 41% used [0x00000000a0000000,0x00000000a2be2258,0x00000000a6900000)
 Metaspace       used 62398K, capacity 64680K, committed 64768K, reserved 1105920K
  class space    used 8349K, capacity 8920K, committed 8960K, reserved 1048576K
}
Event: 62.437 GC heap before
{Heap before GC invocations=20 (full 3):
 PSYoungGen      total 159744K, used 159471K [0x00000000e0000000, 0x00000000eb900000, 0x0000000100000000)
  eden space 149504K, 100% used [0x00000000e0000000,0x00000000e9200000,0x00000000e9200000)
  from space 10240K, 97% used [0x00000000eaf00000,0x00000000eb8bbe48,0x00000000eb900000)
  to   space 19456K, 0% used [0x00000000e9300000,0x00000000e9300000,0x00000000ea600000)
 ParOldGen       total 107520K, used 44936K [0x00000000a0000000, 0x00000000a6900000, 0x00000000e0000000)
  object space 107520K, 41% used [0x00000000a0000000,0x00000000a2be2258,0x00000000a6900000)
 Metaspace       used 65473K, capacity 67996K, committed 68224K, reserved 1107968K
  class space    used 8691K, capacity 9312K, committed 9344K, reserved 1048576K
Event: 62.454 GC heap after
Heap after GC invocations=20 (full 3):
 PSYoungGen      total 169984K, used 11163K [0x00000000e0000000, 0x00000000eca00000, 0x0000000100000000)
  eden space 150528K, 0% used [0x00000000e0000000,0x00000000e0000000,0x00000000e9300000)
  from space 19456K, 57% used [0x00000000e9300000,0x00000000e9de6f18,0x00000000ea600000)
  to   space 18944K, 0% used [0x00000000eb780000,0x00000000eb780000,0x00000000eca00000)
 ParOldGen       total 107520K, used 44944K [0x00000000a0000000, 0x00000000a6900000, 0x00000000e0000000)
  object space 107520K, 41% used [0x00000000a0000000,0x00000000a2be4258,0x00000000a6900000)
 Metaspace       used 65473K, capacity 67996K, committed 68224K, reserved 1107968K
  class space    used 8691K, capacity 9312K, committed 9344K, reserved 1048576K
}
Event: 63.942 GC heap before
{Heap before GC invocations=21 (full 3):
 PSYoungGen      total 169984K, used 161502K [0x00000000e0000000, 0x00000000eca00000, 0x0000000100000000)
  eden space 150528K, 99% used [0x00000000e0000000,0x00000000e92d0a28,0x00000000e9300000)
  from space 19456K, 57% used [0x00000000e9300000,0x00000000e9de6f18,0x00000000ea600000)
  to   space 18944K, 0% used [0x00000000eb780000,0x00000000eb780000,0x00000000eca00000)
 ParOldGen       total 107520K, used 44944K [0x00000000a0000000, 0x00000000a6900000, 0x00000000e0000000)
  object space 107520K, 41% used [0x00000000a0000000,0x00000000a2be4258,0x00000000a6900000)
 Metaspace       used 66852K, capacity 69542K, committed 69760K, reserved 1110016K
  class space    used 8874K, capacity 9521K, committed 9600K, reserved 1048576K
Event: 63.959 GC heap after
Heap after GC invocations=21 (full 3):
 PSYoungGen      total 187904K, used 11881K [0x00000000e0000000, 0x00000000eca80000, 0x0000000100000000)
  eden space 168960K, 0% used [0x00000000e0000000,0x00000000e0000000,0x00000000ea500000)
  from space 18944K, 62% used [0x00000000eb780000,0x00000000ec31a728,0x00000000eca00000)
  to   space 18944K, 0% used [0x00000000ea500000,0x00000000ea500000,0x00000000eb780000)
 ParOldGen       total 107520K, used 44952K [0x00000000a0000000, 0x00000000a6900000, 0x00000000e0000000)
  object space 107520K, 41% used [0x00000000a0000000,0x00000000a2be6258,0x00000000a6900000)
 Metaspace       used 66852K, capacity 69542K, committed 69760K, reserved 1110016K
  class space    used 8874K, capacity 9521K, committed 9600K, reserved 1048576K
}
Event: 64.002 GC heap before
{Heap before GC invocations=22 (full 3):
 PSYoungGen      total 187904K, used 180036K [0x00000000e0000000, 0x00000000eca80000, 0x0000000100000000)
  eden space 168960K, 99% used [0x00000000e0000000,0x00000000ea436c88,0x00000000ea500000)
  from space 18944K, 62% used [0x00000000eb780000,0x00000000ec31a728,0x00000000eca00000)
  to   space 18944K, 0% used [0x00000000ea500000,0x00000000ea500000,0x00000000eb780000)
 ParOldGen       total 107520K, used 44952K [0x00000000a0000000, 0x00000000a6900000, 0x00000000e0000000)
  object space 107520K, 41% used [0x00000000a0000000,0x00000000a2be6258,0x00000000a6900000)
 Metaspace       used 66865K, capacity 69542K, committed 69760K, reserved 1110016K
  class space    used 8874K, capacity 9521K, committed 9600K, reserved 1048576K
Event: 64.020 GC heap after
Heap after GC invocations=22 (full 3):
 PSYoungGen      total 187904K, used 10579K [0x00000000e0000000, 0x00000000efa00000, 0x0000000100000000)
  eden space 168960K, 0% used [0x00000000e0000000,0x00000000e0000000,0x00000000ea500000)
  from space 18944K, 55% used [0x00000000ea500000,0x00000000eaf54cd8,0x00000000eb780000)
  to   space 18432K, 0% used [0x00000000ee800000,0x00000000ee800000,0x00000000efa00000)
 ParOldGen       total 107520K, used 44960K [0x00000000a0000000, 0x00000000a6900000, 0x00000000e0000000)
  object space 107520K, 41% used [0x00000000a0000000,0x00000000a2be8258,0x00000000a6900000)
 Metaspace       used 66865K, capacity 69542K, committed 69760K, reserved 1110016K
  class space    used 8874K, capacity 9521K, committed 9600K, reserved 1048576K
}

