# JRE version: OpenJDK Runtime Environment (8.0_152-b06) (build 1.8.0_152-release-1136-b06)
# Java VM: OpenJDK 64-Bit Server VM (25.152-b06 mixed mode windows-amd64 compressed oops)
Heap:
 PSYoungGen      total 315904K, used 171345K [0x00000000e0000000, 0x00000000f5100000, 0x0000000100000000)
  eden space 293888K, 53% used [0x00000000e0000000,0x00000000e9a10588,0x00000000f1f00000)
  from space 22016K, 61% used [0x00000000f3b80000,0x00000000f48c40e0,0x00000000f5100000)
  to   space 25600K, 0% used [0x00000000f1f00000,0x00000000f1f00000,0x00000000f3800000)
 ParOldGen       total 139776K, used 48376K [0x00000000a0000000, 0x00000000a8880000, 0x00000000e0000000)
  object space 139776K, 34% used [0x00000000a0000000,0x00000000a2f3e2a0,0x00000000a8880000)
 Metaspace       used 87393K, capacity 92805K, committed 94424K, reserved 1132544K
  class space    used 10913K, capacity 11899K, committed 12288K, reserved 1048576K
GC Heap History (10 events):
Event: 4915.810 GC heap before
{Heap before GC invocations=63 (full 5):
 PSYoungGen      total 222720K, used 15329K [0x00000000e0000000, 0x00000000f4280000, 0x0000000100000000)
  eden space 207360K, 0% used [0x00000000e0000000,0x00000000e0000000,0x00000000eca80000)
  from space 15360K, 99% used [0x00000000f3380000,0x00000000f4278520,0x00000000f4280000)
  to   space 28160K, 0% used [0x00000000f0b80000,0x00000000f0b80000,0x00000000f2700000)
 ParOldGen       total 117248K, used 116937K [0x00000000a0000000, 0x00000000a7280000, 0x00000000e0000000)
  object space 117248K, 99% used [0x00000000a0000000,0x00000000a7232798,0x00000000a7280000)
 Metaspace       used 88326K, capacity 94331K, committed 94424K, reserved 1132544K
  class space    used 11114K, capacity 12208K, committed 12288K, reserved 1048576K
Event: 4939.673 GC heap after
Heap after GC invocations=63 (full 5):
 PSYoungGen      total 222720K, used 0K [0x00000000e0000000, 0x00000000f4280000, 0x0000000100000000)
  eden space 207360K, 0% used [0x00000000e0000000,0x00000000e0000000,0x00000000eca80000)
  from space 15360K, 0% used [0x00000000f3380000,0x00000000f3380000,0x00000000f4280000)
  to   space 28160K, 0% used [0x00000000f0b80000,0x00000000f0b80000,0x00000000f2700000)
 ParOldGen       total 139776K, used 48352K [0x00000000a0000000, 0x00000000a8880000, 0x00000000e0000000)
  object space 139776K, 34% used [0x00000000a0000000,0x00000000a2f382a0,0x00000000a8880000)
 Metaspace       used 86047K, capacity 91041K, committed 94424K, reserved 1132544K
  class space    used 10727K, capacity 11627K, committed 12288K, reserved 1048576K
}
Event: 5267.864 GC heap before
{Heap before GC invocations=64 (full 5):
 PSYoungGen      total 222720K, used 207360K [0x00000000e0000000, 0x00000000f4280000, 0x0000000100000000)
  eden space 207360K, 100% used [0x00000000e0000000,0x00000000eca80000,0x00000000eca80000)
  from space 15360K, 0% used [0x00000000f3380000,0x00000000f3380000,0x00000000f4280000)
  to   space 28160K, 0% used [0x00000000f0b80000,0x00000000f0b80000,0x00000000f2700000)
 ParOldGen       total 139776K, used 48352K [0x00000000a0000000, 0x00000000a8880000, 0x00000000e0000000)
  object space 139776K, 34% used [0x00000000a0000000,0x00000000a2f382a0,0x00000000a8880000)
 Metaspace       used 86604K, capacity 91795K, committed 94424K, reserved 1132544K
  class space    used 10797K, capacity 11754K, committed 12288K, reserved 1048576K
Event: 5267.912 GC heap after
Heap after GC invocations=64 (full 5):
 PSYoungGen      total 231424K, used 12680K [0x00000000e0000000, 0x00000000f3400000, 0x0000000100000000)
  eden space 218624K, 0% used [0x00000000e0000000,0x00000000e0000000,0x00000000ed580000)
  from space 12800K, 99% used [0x00000000f0b80000,0x00000000f17e2178,0x00000000f1800000)
  to   space 26624K, 0% used [0x00000000f1a00000,0x00000000f1a00000,0x00000000f3400000)
 ParOldGen       total 139776K, used 48360K [0x00000000a0000000, 0x00000000a8880000, 0x00000000e0000000)
  object space 139776K, 34% used [0x00000000a0000000,0x00000000a2f3a2a0,0x00000000a8880000)
 Metaspace       used 86604K, capacity 91795K, committed 94424K, reserved 1132544K
  class space    used 10797K, capacity 11754K, committed 12288K, reserved 1048576K
}
Event: 5268.070 GC heap before
{Heap before GC invocations=65 (full 5):
 PSYoungGen      total 231424K, used 231128K [0x00000000e0000000, 0x00000000f3400000, 0x0000000100000000)
  eden space 218624K, 99% used [0x00000000e0000000,0x00000000ed553f58,0x00000000ed580000)
  from space 12800K, 99% used [0x00000000f0b80000,0x00000000f17e2178,0x00000000f1800000)
  to   space 26624K, 0% used [0x00000000f1a00000,0x00000000f1a00000,0x00000000f3400000)
 ParOldGen       total 139776K, used 48360K [0x00000000a0000000, 0x00000000a8880000, 0x00000000e0000000)
  object space 139776K, 34% used [0x00000000a0000000,0x00000000a2f3a2a0,0x00000000a8880000)
 Metaspace       used 86610K, capacity 91801K, committed 94424K, reserved 1132544K
  class space    used 10798K, capacity 11755K, committed 12288K, reserved 1048576K
Event: 5268.101 GC heap after
Heap after GC invocations=65 (full 5):
 PSYoungGen      total 272384K, used 12770K [0x00000000e0000000, 0x00000000f2a80000, 0x0000000100000000)
  eden space 255488K, 0% used [0x00000000e0000000,0x00000000e0000000,0x00000000ef980000)
  from space 16896K, 75% used [0x00000000f1a00000,0x00000000f2678bf0,0x00000000f2a80000)
  to   space 25088K, 0% used [0x00000000ef980000,0x00000000ef980000,0x00000000f1200000)
 ParOldGen       total 139776K, used 48360K [0x00000000a0000000, 0x00000000a8880000, 0x00000000e0000000)
  object space 139776K, 34% used [0x00000000a0000000,0x00000000a2f3a2a0,0x00000000a8880000)
 Metaspace       used 86610K, capacity 91801K, committed 94424K, reserved 1132544K
  class space    used 10798K, capacity 11755K, committed 12288K, reserved 1048576K
}
Event: 5352.701 GC heap before
{Heap before GC invocations=66 (full 5):
 PSYoungGen      total 272384K, used 268258K [0x00000000e0000000, 0x00000000f2a80000, 0x0000000100000000)
  eden space 255488K, 100% used [0x00000000e0000000,0x00000000ef980000,0x00000000ef980000)
  from space 16896K, 75% used [0x00000000f1a00000,0x00000000f2678bf0,0x00000000f2a80000)
  to   space 25088K, 0% used [0x00000000ef980000,0x00000000ef980000,0x00000000f1200000)
 ParOldGen       total 139776K, used 48360K [0x00000000a0000000, 0x00000000a8880000, 0x00000000e0000000)
  object space 139776K, 34% used [0x00000000a0000000,0x00000000a2f3a2a0,0x00000000a8880000)
 Metaspace       used 87288K, capacity 92705K, committed 94424K, reserved 1132544K
  class space    used 10903K, capacity 11883K, committed 12288K, reserved 1048576K
Event: 5353.211 GC heap after
Heap after GC invocations=66 (full 5):
 PSYoungGen      total 280576K, used 19602K [0x00000000e0000000, 0x00000000f5580000, 0x0000000100000000)
  eden space 255488K, 0% used [0x00000000e0000000,0x00000000e0000000,0x00000000ef980000)
  from space 25088K, 78% used [0x00000000ef980000,0x00000000f0ca4850,0x00000000f1200000)
  to   space 26624K, 0% used [0x00000000f3b80000,0x00000000f3b80000,0x00000000f5580000)
 ParOldGen       total 139776K, used 48368K [0x00000000a0000000, 0x00000000a8880000, 0x00000000e0000000)
  object space 139776K, 34% used [0x00000000a0000000,0x00000000a2f3c2a0,0x00000000a8880000)
 Metaspace       used 87288K, capacity 92705K, committed 94424K, reserved 1132544K
  class space    used 10903K, capacity 11883K, committed 12288K, reserved 1048576K
}
Event: 5361.600 GC heap before
{Heap before GC invocations=67 (full 5):
 PSYoungGen      total 280576K, used 274090K [0x00000000e0000000, 0x00000000f5580000, 0x0000000100000000)
  eden space 255488K, 99% used [0x00000000e0000000,0x00000000ef886398,0x00000000ef980000)
  from space 25088K, 78% used [0x00000000ef980000,0x00000000f0ca4850,0x00000000f1200000)
  to   space 26624K, 0% used [0x00000000f3b80000,0x00000000f3b80000,0x00000000f5580000)
 ParOldGen       total 139776K, used 48368K [0x00000000a0000000, 0x00000000a8880000, 0x00000000e0000000)
  object space 139776K, 34% used [0x00000000a0000000,0x00000000a2f3c2a0,0x00000000a8880000)
 Metaspace       used 87303K, capacity 92717K, committed 94424K, reserved 1132544K
  class space    used 10904K, capacity 11885K, committed 12288K, reserved 1048576K
Event: 5361.620 GC heap after
Heap after GC invocations=67 (full 5):
 PSYoungGen      total 315904K, used 13584K [0x00000000e0000000, 0x00000000f5100000, 0x0000000100000000)
  eden space 293888K, 0% used [0x00000000e0000000,0x00000000e0000000,0x00000000f1f00000)
  from space 22016K, 61% used [0x00000000f3b80000,0x00000000f48c40e0,0x00000000f5100000)
  to   space 25600K, 0% used [0x00000000f1f00000,0x00000000f1f00000,0x00000000f3800000)
 ParOldGen       total 139776K, used 48376K [0x00000000a0000000, 0x00000000a8880000, 0x00000000e0000000)
  object space 139776K, 34% used [0x00000000a0000000,0x00000000a2f3e2a0,0x00000000a8880000)
 Metaspace       used 87303K, capacity 92717K, committed 94424K, reserved 1132544K
  class space    used 10904K, capacity 11885K, committed 12288K, reserved 1048576K
}

