# JRE version: OpenJDK Runtime Environment (8.0_152-b06) (build 1.8.0_152-release-1136-b06)
# Java VM: OpenJDK 64-Bit Server VM (25.152-b06 mixed mode windows-amd64 compressed oops)
Heap:
 PSYoungGen      total 318976K, used 143615K [0x00000000e0000000, 0x00000000f7500000, 0x0000000100000000)
  eden space 313856K, 44% used [0x00000000e0000000,0x00000000e8779e30,0x00000000f3280000)
  from space 5120K, 95% used [0x00000000f7000000,0x00000000f74c61c0,0x00000000f7500000)
  to   space 13312K, 0% used [0x00000000f5b00000,0x00000000f5b00000,0x00000000f6800000)
 ParOldGen       total 89600K, used 37566K [0x00000000a0000000, 0x00000000a5780000, 0x00000000e0000000)
  object space 89600K, 41% used [0x00000000a0000000,0x00000000a24af910,0x00000000a5780000)
 Metaspace       used 69389K, capacity 73133K, committed 73304K, reserved 1112064K
  class space    used 9103K, capacity 9844K, committed 9856K, reserved 1048576K
GC Heap History (10 events):
Event: 421.869 GC heap before
{Heap before GC invocations=27 (full 3):
 PSYoungGen      total 284160K, used 274735K [0x00000000e0000000, 0x00000000f6600000, 0x0000000100000000)
  eden space 267264K, 99% used [0x00000000e0000000,0x00000000f046cc98,0x00000000f0500000)
  from space 16896K, 47% used [0x00000000f0500000,0x00000000f0cdeff8,0x00000000f1580000)
  to   space 15872K, 0% used [0x00000000f5680000,0x00000000f5680000,0x00000000f6600000)
 ParOldGen       total 89600K, used 34590K [0x00000000a0000000, 0x00000000a5780000, 0x00000000e0000000)
  object space 89600K, 38% used [0x00000000a0000000,0x00000000a21c7870,0x00000000a5780000)
 Metaspace       used 65806K, capacity 68319K, committed 68568K, reserved 1107968K
  class space    used 8591K, capacity 9113K, committed 9216K, reserved 1048576K
Event: 421.892 GC heap after
Heap after GC invocations=27 (full 3):
 PSYoungGen      total 335360K, used 6724K [0x00000000e0000000, 0x00000000f5e00000, 0x0000000100000000)
  eden space 327680K, 0% used [0x00000000e0000000,0x00000000e0000000,0x00000000f4000000)
  from space 7680K, 87% used [0x00000000f5680000,0x00000000f5d11288,0x00000000f5e00000)
  to   space 15360K, 0% used [0x00000000f4000000,0x00000000f4000000,0x00000000f4f00000)
 ParOldGen       total 89600K, used 37430K [0x00000000a0000000, 0x00000000a5780000, 0x00000000e0000000)
  object space 89600K, 41% used [0x00000000a0000000,0x00000000a248d900,0x00000000a5780000)
 Metaspace       used 65806K, capacity 68319K, committed 68568K, reserved 1107968K
  class space    used 8591K, capacity 9113K, committed 9216K, reserved 1048576K
}
Event: 534.827 GC heap before
{Heap before GC invocations=28 (full 3):
 PSYoungGen      total 335360K, used 334404K [0x00000000e0000000, 0x00000000f5e00000, 0x0000000100000000)
  eden space 327680K, 100% used [0x00000000e0000000,0x00000000f4000000,0x00000000f4000000)
  from space 7680K, 87% used [0x00000000f5680000,0x00000000f5d11288,0x00000000f5e00000)
  to   space 15360K, 0% used [0x00000000f4000000,0x00000000f4000000,0x00000000f4f00000)
 ParOldGen       total 89600K, used 37430K [0x00000000a0000000, 0x00000000a5780000, 0x00000000e0000000)
  object space 89600K, 41% used [0x00000000a0000000,0x00000000a248d900,0x00000000a5780000)
 Metaspace       used 65933K, capacity 68515K, committed 68824K, reserved 1110016K
  class space    used 8592K, capacity 9113K, committed 9216K, reserved 1048576K
Event: 534.848 GC heap after
Heap after GC invocations=28 (full 3):
 PSYoungGen      total 343040K, used 7344K [0x00000000e0000000, 0x00000000f5e00000, 0x0000000100000000)
  eden space 327680K, 0% used [0x00000000e0000000,0x00000000e0000000,0x00000000f4000000)
  from space 15360K, 47% used [0x00000000f4000000,0x00000000f472c020,0x00000000f4f00000)
  to   space 7680K, 0% used [0x00000000f5680000,0x00000000f5680000,0x00000000f5e00000)
 ParOldGen       total 89600K, used 37502K [0x00000000a0000000, 0x00000000a5780000, 0x00000000e0000000)
  object space 89600K, 41% used [0x00000000a0000000,0x00000000a249f900,0x00000000a5780000)
 Metaspace       used 65933K, capacity 68515K, committed 68824K, reserved 1110016K
  class space    used 8592K, capacity 9113K, committed 9216K, reserved 1048576K
}
Event: 543.342 GC heap before
{Heap before GC invocations=29 (full 3):
 PSYoungGen      total 343040K, used 334470K [0x00000000e0000000, 0x00000000f5e00000, 0x0000000100000000)
  eden space 327680K, 99% used [0x00000000e0000000,0x00000000f3f75a68,0x00000000f4000000)
  from space 15360K, 47% used [0x00000000f4000000,0x00000000f472c020,0x00000000f4f00000)
  to   space 7680K, 0% used [0x00000000f5680000,0x00000000f5680000,0x00000000f5e00000)
 ParOldGen       total 89600K, used 37502K [0x00000000a0000000, 0x00000000a5780000, 0x00000000e0000000)
  object space 89600K, 41% used [0x00000000a0000000,0x00000000a249f900,0x00000000a5780000)
 Metaspace       used 65961K, capacity 68515K, committed 68824K, reserved 1110016K
  class space    used 8592K, capacity 9113K, committed 9216K, reserved 1048576K
Event: 543.355 GC heap after
Heap after GC invocations=29 (full 3):
 PSYoungGen      total 335360K, used 5503K [0x00000000e0000000, 0x00000000f5e00000, 0x0000000100000000)
  eden space 327680K, 0% used [0x00000000e0000000,0x00000000e0000000,0x00000000f4000000)
  from space 7680K, 71% used [0x00000000f5680000,0x00000000f5bdfc10,0x00000000f5e00000)
  to   space 15360K, 0% used [0x00000000f4000000,0x00000000f4000000,0x00000000f4f00000)
 ParOldGen       total 89600K, used 37550K [0x00000000a0000000, 0x00000000a5780000, 0x00000000e0000000)
  object space 89600K, 41% used [0x00000000a0000000,0x00000000a24ab910,0x00000000a5780000)
 Metaspace       used 65961K, capacity 68515K, committed 68824K, reserved 1110016K
  class space    used 8592K, capacity 9113K, committed 9216K, reserved 1048576K
}
Event: 789.558 GC heap before
{Heap before GC invocations=30 (full 3):
 PSYoungGen      total 335360K, used 332571K [0x00000000e0000000, 0x00000000f5e00000, 0x0000000100000000)
  eden space 327680K, 99% used [0x00000000e0000000,0x00000000f3f67158,0x00000000f4000000)
  from space 7680K, 71% used [0x00000000f5680000,0x00000000f5bdfc10,0x00000000f5e00000)
  to   space 15360K, 0% used [0x00000000f4000000,0x00000000f4000000,0x00000000f4f00000)
 ParOldGen       total 89600K, used 37550K [0x00000000a0000000, 0x00000000a5780000, 0x00000000e0000000)
  object space 89600K, 41% used [0x00000000a0000000,0x00000000a24ab910,0x00000000a5780000)
 Metaspace       used 66871K, capacity 70097K, committed 70232K, reserved 1110016K
  class space    used 8723K, capacity 9332K, committed 9344K, reserved 1048576K
Event: 789.567 GC heap after
Heap after GC invocations=30 (full 3):
 PSYoungGen      total 343040K, used 6766K [0x00000000e0000000, 0x00000000f7d80000, 0x0000000100000000)
  eden space 327680K, 0% used [0x00000000e0000000,0x00000000e0000000,0x00000000f4000000)
  from space 15360K, 44% used [0x00000000f4000000,0x00000000f469bac0,0x00000000f4f00000)
  to   space 13824K, 0% used [0x00000000f7000000,0x00000000f7000000,0x00000000f7d80000)
 ParOldGen       total 89600K, used 37558K [0x00000000a0000000, 0x00000000a5780000, 0x00000000e0000000)
  object space 89600K, 41% used [0x00000000a0000000,0x00000000a24ad910,0x00000000a5780000)
 Metaspace       used 66871K, capacity 70097K, committed 70232K, reserved 1110016K
  class space    used 8723K, capacity 9332K, committed 9344K, reserved 1048576K
}
Event: 1095.382 GC heap before
{Heap before GC invocations=31 (full 3):
 PSYoungGen      total 343040K, used 334446K [0x00000000e0000000, 0x00000000f7d80000, 0x0000000100000000)
  eden space 327680K, 100% used [0x00000000e0000000,0x00000000f4000000,0x00000000f4000000)
  from space 15360K, 44% used [0x00000000f4000000,0x00000000f469bac0,0x00000000f4f00000)
  to   space 13824K, 0% used [0x00000000f7000000,0x00000000f7000000,0x00000000f7d80000)
 ParOldGen       total 89600K, used 37558K [0x00000000a0000000, 0x00000000a5780000, 0x00000000e0000000)
  object space 89600K, 41% used [0x00000000a0000000,0x00000000a24ad910,0x00000000a5780000)
 Metaspace       used 67711K, capacity 71179K, committed 71512K, reserved 1112064K
  class space    used 8844K, capacity 9489K, committed 9600K, reserved 1048576K
Event: 1095.399 GC heap after
Heap after GC invocations=31 (full 3):
 PSYoungGen      total 318976K, used 4888K [0x00000000e0000000, 0x00000000f7500000, 0x0000000100000000)
  eden space 313856K, 0% used [0x00000000e0000000,0x00000000e0000000,0x00000000f3280000)
  from space 5120K, 95% used [0x00000000f7000000,0x00000000f74c61c0,0x00000000f7500000)
  to   space 13312K, 0% used [0x00000000f5b00000,0x00000000f5b00000,0x00000000f6800000)
 ParOldGen       total 89600K, used 37566K [0x00000000a0000000, 0x00000000a5780000, 0x00000000e0000000)
  object space 89600K, 41% used [0x00000000a0000000,0x00000000a24af910,0x00000000a5780000)
 Metaspace       used 67711K, capacity 71179K, committed 71512K, reserved 1112064K
  class space    used 8844K, capacity 9489K, committed 9600K, reserved 1048576K
}

