# JRE version: OpenJDK Runtime Environment (8.0_152-b06) (build 1.8.0_152-release-1136-b06)
# Java VM: OpenJDK 64-Bit Server VM (25.152-b06 mixed mode windows-amd64 compressed oops)
Heap:
 PSYoungGen      total 271872K, used 150783K [0x00000000e0000000, 0x00000000f5900000, 0x0000000100000000)
  eden space 247296K, 57% used [0x00000000e0000000,0x00000000e8ad9fa0,0x00000000ef180000)
  from space 24576K, 34% used [0x00000000f0800000,0x00000000f1065e38,0x00000000f2000000)
  to   space 23040K, 0% used [0x00000000ef180000,0x00000000ef180000,0x00000000f0800000)
 ParOldGen       total 95232K, used 34189K [0x00000000a0000000, 0x00000000a5d00000, 0x00000000e0000000)
  object space 95232K, 35% used [0x00000000a0000000,0x00000000a21636e0,0x00000000a5d00000)
 Metaspace       used 64259K, capacity 66514K, committed 66840K, reserved 1107968K
  class space    used 8449K, capacity 8924K, committed 9008K, reserved 1048576K
GC Heap History (10 events):
Event: 32.763 GC heap before
{Heap before GC invocations=13 (full 3):
 PSYoungGen      total 188416K, used 21329K [0x00000000e0000000, 0x00000000ed400000, 0x0000000100000000)
  eden space 166912K, 0% used [0x00000000e0000000,0x00000000e0000000,0x00000000ea300000)
  from space 21504K, 99% used [0x00000000ebc00000,0x00000000ed0d4680,0x00000000ed100000)
  to   space 25088K, 0% used [0x00000000ea300000,0x00000000ea300000,0x00000000ebb80000)
 ParOldGen       total 66048K, used 27437K [0x00000000a0000000, 0x00000000a4080000, 0x00000000e0000000)
  object space 66048K, 41% used [0x00000000a0000000,0x00000000a1acb428,0x00000000a4080000)
 Metaspace       used 57412K, capacity 59114K, committed 59160K, reserved 1099776K
  class space    used 7782K, capacity 8212K, committed 8240K, reserved 1048576K
Event: 32.986 GC heap after
Heap after GC invocations=13 (full 3):
 PSYoungGen      total 188416K, used 0K [0x00000000e0000000, 0x00000000ed400000, 0x0000000100000000)
  eden space 166912K, 0% used [0x00000000e0000000,0x00000000e0000000,0x00000000ea300000)
  from space 21504K, 0% used [0x00000000ebc00000,0x00000000ebc00000,0x00000000ed100000)
  to   space 25088K, 0% used [0x00000000ea300000,0x00000000ea300000,0x00000000ebb80000)
 ParOldGen       total 95232K, used 34157K [0x00000000a0000000, 0x00000000a5d00000, 0x00000000e0000000)
  object space 95232K, 35% used [0x00000000a0000000,0x00000000a215b6e0,0x00000000a5d00000)
 Metaspace       used 57412K, capacity 59114K, committed 59160K, reserved 1099776K
  class space    used 7782K, capacity 8212K, committed 8240K, reserved 1048576K
}
Event: 33.567 GC heap before
{Heap before GC invocations=14 (full 3):
 PSYoungGen      total 188416K, used 166081K [0x00000000e0000000, 0x00000000ed400000, 0x0000000100000000)
  eden space 166912K, 99% used [0x00000000e0000000,0x00000000ea2304e0,0x00000000ea300000)
  from space 21504K, 0% used [0x00000000ebc00000,0x00000000ebc00000,0x00000000ed100000)
  to   space 25088K, 0% used [0x00000000ea300000,0x00000000ea300000,0x00000000ebb80000)
 ParOldGen       total 95232K, used 34157K [0x00000000a0000000, 0x00000000a5d00000, 0x00000000e0000000)
  object space 95232K, 35% used [0x00000000a0000000,0x00000000a215b6e0,0x00000000a5d00000)
 Metaspace       used 58352K, capacity 60160K, committed 60312K, reserved 1101824K
  class space    used 7907K, capacity 8345K, committed 8368K, reserved 1048576K
Event: 33.570 GC heap after
Heap after GC invocations=14 (full 3):
 PSYoungGen      total 192000K, used 2102K [0x00000000e0000000, 0x00000000efd00000, 0x0000000100000000)
  eden space 166912K, 0% used [0x00000000e0000000,0x00000000e0000000,0x00000000ea300000)
  from space 25088K, 8% used [0x00000000ea300000,0x00000000ea50d978,0x00000000ebb80000)
  to   space 25088K, 0% used [0x00000000ee480000,0x00000000ee480000,0x00000000efd00000)
 ParOldGen       total 95232K, used 34165K [0x00000000a0000000, 0x00000000a5d00000, 0x00000000e0000000)
  object space 95232K, 35% used [0x00000000a0000000,0x00000000a215d6e0,0x00000000a5d00000)
 Metaspace       used 58352K, capacity 60160K, committed 60312K, reserved 1101824K
  class space    used 7907K, capacity 8345K, committed 8368K, reserved 1048576K
}
Event: 34.353 GC heap before
{Heap before GC invocations=15 (full 3):
 PSYoungGen      total 192000K, used 169014K [0x00000000e0000000, 0x00000000efd00000, 0x0000000100000000)
  eden space 166912K, 100% used [0x00000000e0000000,0x00000000ea300000,0x00000000ea300000)
  from space 25088K, 8% used [0x00000000ea300000,0x00000000ea50d978,0x00000000ebb80000)
  to   space 25088K, 0% used [0x00000000ee480000,0x00000000ee480000,0x00000000efd00000)
 ParOldGen       total 95232K, used 34165K [0x00000000a0000000, 0x00000000a5d00000, 0x00000000e0000000)
  object space 95232K, 35% used [0x00000000a0000000,0x00000000a215d6e0,0x00000000a5d00000)
 Metaspace       used 58543K, capacity 60388K, committed 60568K, reserved 1101824K
  class space    used 7929K, capacity 8351K, committed 8368K, reserved 1048576K
Event: 34.357 GC heap after
Heap after GC invocations=15 (full 3):
 PSYoungGen      total 226816K, used 1688K [0x00000000e0000000, 0x00000000ef900000, 0x0000000100000000)
  eden space 205824K, 0% used [0x00000000e0000000,0x00000000e0000000,0x00000000ec900000)
  from space 20992K, 8% used [0x00000000ee480000,0x00000000ee626128,0x00000000ef900000)
  to   space 24576K, 0% used [0x00000000ec900000,0x00000000ec900000,0x00000000ee100000)
 ParOldGen       total 95232K, used 34173K [0x00000000a0000000, 0x00000000a5d00000, 0x00000000e0000000)
  object space 95232K, 35% used [0x00000000a0000000,0x00000000a215f6e0,0x00000000a5d00000)
 Metaspace       used 58543K, capacity 60388K, committed 60568K, reserved 1101824K
  class space    used 7929K, capacity 8351K, committed 8368K, reserved 1048576K
}
Event: 157.484 GC heap before
{Heap before GC invocations=16 (full 3):
 PSYoungGen      total 226816K, used 206657K [0x00000000e0000000, 0x00000000ef900000, 0x0000000100000000)
  eden space 205824K, 99% used [0x00000000e0000000,0x00000000ec82a400,0x00000000ec900000)
  from space 20992K, 8% used [0x00000000ee480000,0x00000000ee626128,0x00000000ef900000)
  to   space 24576K, 0% used [0x00000000ec900000,0x00000000ec900000,0x00000000ee100000)
 ParOldGen       total 95232K, used 34173K [0x00000000a0000000, 0x00000000a5d00000, 0x00000000e0000000)
  object space 95232K, 35% used [0x00000000a0000000,0x00000000a215f6e0,0x00000000a5d00000)
 Metaspace       used 63773K, capacity 65912K, committed 65944K, reserved 1105920K
  class space    used 8429K, capacity 8863K, committed 8880K, reserved 1048576K
Event: 157.510 GC heap after
Heap after GC invocations=16 (full 3):
 PSYoungGen      total 230400K, used 12595K [0x00000000e0000000, 0x00000000f2000000, 0x0000000100000000)
  eden space 205824K, 0% used [0x00000000e0000000,0x00000000e0000000,0x00000000ec900000)
  from space 24576K, 51% used [0x00000000ec900000,0x00000000ed54cd98,0x00000000ee100000)
  to   space 24576K, 0% used [0x00000000f0800000,0x00000000f0800000,0x00000000f2000000)
 ParOldGen       total 95232K, used 34181K [0x00000000a0000000, 0x00000000a5d00000, 0x00000000e0000000)
  object space 95232K, 35% used [0x00000000a0000000,0x00000000a21616e0,0x00000000a5d00000)
 Metaspace       used 63773K, capacity 65912K, committed 65944K, reserved 1105920K
  class space    used 8429K, capacity 8863K, committed 8880K, reserved 1048576K
}
Event: 157.551 GC heap before
{Heap before GC invocations=17 (full 3):
 PSYoungGen      total 230400K, used 217916K [0x00000000e0000000, 0x00000000f2000000, 0x0000000100000000)
  eden space 205824K, 99% used [0x00000000e0000000,0x00000000ec882530,0x00000000ec900000)
  from space 24576K, 51% used [0x00000000ec900000,0x00000000ed54cd98,0x00000000ee100000)
  to   space 24576K, 0% used [0x00000000f0800000,0x00000000f0800000,0x00000000f2000000)
 ParOldGen       total 95232K, used 34181K [0x00000000a0000000, 0x00000000a5d00000, 0x00000000e0000000)
  object space 95232K, 35% used [0x00000000a0000000,0x00000000a21616e0,0x00000000a5d00000)
 Metaspace       used 63781K, capacity 65912K, committed 65944K, reserved 1105920K
  class space    used 8429K, capacity 8863K, committed 8880K, reserved 1048576K
Event: 157.562 GC heap after
Heap after GC invocations=17 (full 3):
 PSYoungGen      total 271872K, used 8599K [0x00000000e0000000, 0x00000000f5900000, 0x0000000100000000)
  eden space 247296K, 0% used [0x00000000e0000000,0x00000000e0000000,0x00000000ef180000)
  from space 24576K, 34% used [0x00000000f0800000,0x00000000f1065e38,0x00000000f2000000)
  to   space 23040K, 0% used [0x00000000ef180000,0x00000000ef180000,0x00000000f0800000)
 ParOldGen       total 95232K, used 34189K [0x00000000a0000000, 0x00000000a5d00000, 0x00000000e0000000)
  object space 95232K, 35% used [0x00000000a0000000,0x00000000a21636e0,0x00000000a5d00000)
 Metaspace       used 63781K, capacity 65912K, committed 65944K, reserved 1105920K
  class space    used 8429K, capacity 8863K, committed 8880K, reserved 1048576K
}

