# JRE version: OpenJDK Runtime Environment (8.0_152-b06) (build 1.8.0_152-release-1136-b06)
# Java VM: OpenJDK 64-Bit Server VM (25.152-b06 mixed mode windows-amd64 compressed oops)
Heap:
 PSYoungGen      total 299520K, used 72060K [0x00000000e0000000, 0x00000000f6880000, 0x0000000100000000)
  eden space 292864K, 22% used [0x00000000e0000000,0x00000000e405d288,0x00000000f1e00000)
  from space 6656K, 92% used [0x00000000f5380000,0x00000000f5981d78,0x00000000f5a00000)
  to   space 13824K, 0% used [0x00000000f5b00000,0x00000000f5b00000,0x00000000f6880000)
 ParOldGen       total 88576K, used 37622K [0x00000000a0000000, 0x00000000a5680000, 0x00000000e0000000)
  object space 88576K, 42% used [0x00000000a0000000,0x00000000a24bd960,0x00000000a5680000)
 Metaspace       used 72625K, capacity 76473K, committed 76504K, reserved 1116160K
  class space    used 9470K, capacity 10229K, committed 10240K, reserved 1048576K
GC Heap History (10 events):
Event: 586.763 GC heap before
{Heap before GC invocations=20 (full 3):
 PSYoungGen      total 298496K, used 290339K [0x00000000e0000000, 0x00000000f3500000, 0x0000000100000000)
  eden space 283648K, 99% used [0x00000000e0000000,0x00000000f14e9958,0x00000000f1500000)
  from space 14848K, 45% used [0x00000000f2680000,0x00000000f2d1f668,0x00000000f3500000)
  to   space 16384K, 0% used [0x00000000f1500000,0x00000000f1500000,0x00000000f2500000)
 ParOldGen       total 88576K, used 37582K [0x00000000a0000000, 0x00000000a5680000, 0x00000000e0000000)
  object space 88576K, 42% used [0x00000000a0000000,0x00000000a24b3960,0x00000000a5680000)
 Metaspace       used 65601K, capacity 68113K, committed 68312K, reserved 1107968K
  class space    used 8601K, capacity 9134K, committed 9216K, reserved 1048576K
Event: 586.775 GC heap after
Heap after GC invocations=20 (full 3):
 PSYoungGen      total 300032K, used 6434K [0x00000000e0000000, 0x00000000f5e80000, 0x0000000100000000)
  eden space 283648K, 0% used [0x00000000e0000000,0x00000000e0000000,0x00000000f1500000)
  from space 16384K, 39% used [0x00000000f1500000,0x00000000f1b48b78,0x00000000f2500000)
  to   space 15872K, 0% used [0x00000000f4f00000,0x00000000f4f00000,0x00000000f5e80000)
 ParOldGen       total 88576K, used 37590K [0x00000000a0000000, 0x00000000a5680000, 0x00000000e0000000)
  object space 88576K, 42% used [0x00000000a0000000,0x00000000a24b5960,0x00000000a5680000)
 Metaspace       used 65601K, capacity 68113K, committed 68312K, reserved 1107968K
  class space    used 8601K, capacity 9134K, committed 9216K, reserved 1048576K
}
Event: 1251.320 GC heap before
{Heap before GC invocations=21 (full 3):
 PSYoungGen      total 300032K, used 290082K [0x00000000e0000000, 0x00000000f5e80000, 0x0000000100000000)
  eden space 283648K, 100% used [0x00000000e0000000,0x00000000f1500000,0x00000000f1500000)
  from space 16384K, 39% used [0x00000000f1500000,0x00000000f1b48b78,0x00000000f2500000)
  to   space 15872K, 0% used [0x00000000f4f00000,0x00000000f4f00000,0x00000000f5e80000)
 ParOldGen       total 88576K, used 37590K [0x00000000a0000000, 0x00000000a5680000, 0x00000000e0000000)
  object space 88576K, 42% used [0x00000000a0000000,0x00000000a24b5960,0x00000000a5680000)
 Metaspace       used 67268K, capacity 70147K, committed 70360K, reserved 1110016K
  class space    used 8840K, capacity 9437K, committed 9472K, reserved 1048576K
Event: 1251.438 GC heap after
Heap after GC invocations=21 (full 3):
 PSYoungGen      total 327680K, used 5625K [0x00000000e0000000, 0x00000000f5680000, 0x0000000100000000)
  eden space 320000K, 0% used [0x00000000e0000000,0x00000000e0000000,0x00000000f3880000)
  from space 7680K, 73% used [0x00000000f4f00000,0x00000000f547e550,0x00000000f5680000)
  to   space 15360K, 0% used [0x00000000f3880000,0x00000000f3880000,0x00000000f4780000)
 ParOldGen       total 88576K, used 37598K [0x00000000a0000000, 0x00000000a5680000, 0x00000000e0000000)
  object space 88576K, 42% used [0x00000000a0000000,0x00000000a24b7960,0x00000000a5680000)
 Metaspace       used 67268K, capacity 70147K, committed 70360K, reserved 1110016K
  class space    used 8840K, capacity 9437K, committed 9472K, reserved 1048576K
}
Event: 1266.099 GC heap before
{Heap before GC invocations=22 (full 3):
 PSYoungGen      total 327680K, used 325594K [0x00000000e0000000, 0x00000000f5680000, 0x0000000100000000)
  eden space 320000K, 99% used [0x00000000e0000000,0x00000000f3878338,0x00000000f3880000)
  from space 7680K, 73% used [0x00000000f4f00000,0x00000000f547e550,0x00000000f5680000)
  to   space 15360K, 0% used [0x00000000f3880000,0x00000000f3880000,0x00000000f4780000)
 ParOldGen       total 88576K, used 37598K [0x00000000a0000000, 0x00000000a5680000, 0x00000000e0000000)
  object space 88576K, 42% used [0x00000000a0000000,0x00000000a24b7960,0x00000000a5680000)
 Metaspace       used 67358K, capacity 70217K, committed 70360K, reserved 1110016K
  class space    used 8841K, capacity 9438K, committed 9472K, reserved 1048576K
Event: 1266.110 GC heap after
Heap after GC invocations=22 (full 3):
 PSYoungGen      total 335360K, used 6255K [0x00000000e0000000, 0x00000000f7680000, 0x0000000100000000)
  eden space 320000K, 0% used [0x00000000e0000000,0x00000000e0000000,0x00000000f3880000)
  from space 15360K, 40% used [0x00000000f3880000,0x00000000f3e9bc40,0x00000000f4780000)
  to   space 14848K, 0% used [0x00000000f6800000,0x00000000f6800000,0x00000000f7680000)
 ParOldGen       total 88576K, used 37606K [0x00000000a0000000, 0x00000000a5680000, 0x00000000e0000000)
  object space 88576K, 42% used [0x00000000a0000000,0x00000000a24b9960,0x00000000a5680000)
 Metaspace       used 67358K, capacity 70217K, committed 70360K, reserved 1110016K
  class space    used 8841K, capacity 9438K, committed 9472K, reserved 1048576K
}
Event: 1298.424 GC heap before
{Heap before GC invocations=23 (full 3):
 PSYoungGen      total 335360K, used 326001K [0x00000000e0000000, 0x00000000f7680000, 0x0000000100000000)
  eden space 320000K, 99% used [0x00000000e0000000,0x00000000f3840948,0x00000000f3880000)
  from space 15360K, 40% used [0x00000000f3880000,0x00000000f3e9bc40,0x00000000f4780000)
  to   space 14848K, 0% used [0x00000000f6800000,0x00000000f6800000,0x00000000f7680000)
 ParOldGen       total 88576K, used 37606K [0x00000000a0000000, 0x00000000a5680000, 0x00000000e0000000)
  object space 88576K, 42% used [0x00000000a0000000,0x00000000a24b9960,0x00000000a5680000)
 Metaspace       used 68226K, capacity 71643K, committed 71896K, reserved 1112064K
  class space    used 8981K, capacity 9631K, committed 9728K, reserved 1048576K
Event: 1298.434 GC heap after
Heap after GC invocations=23 (full 3):
 PSYoungGen      total 313856K, used 7410K [0x00000000e0000000, 0x00000000f6f80000, 0x0000000100000000)
  eden space 306176K, 0% used [0x00000000e0000000,0x00000000e0000000,0x00000000f2b00000)
  from space 7680K, 96% used [0x00000000f6800000,0x00000000f6f3c8e0,0x00000000f6f80000)
  to   space 14336K, 0% used [0x00000000f5380000,0x00000000f5380000,0x00000000f6180000)
 ParOldGen       total 88576K, used 37614K [0x00000000a0000000, 0x00000000a5680000, 0x00000000e0000000)
  object space 88576K, 42% used [0x00000000a0000000,0x00000000a24bb960,0x00000000a5680000)
 Metaspace       used 68226K, capacity 71643K, committed 71896K, reserved 1112064K
  class space    used 8981K, capacity 9631K, committed 9728K, reserved 1048576K
}
Event: 1519.525 GC heap before
{Heap before GC invocations=24 (full 3):
 PSYoungGen      total 313856K, used 313586K [0x00000000e0000000, 0x00000000f6f80000, 0x0000000100000000)
  eden space 306176K, 100% used [0x00000000e0000000,0x00000000f2b00000,0x00000000f2b00000)
  from space 7680K, 96% used [0x00000000f6800000,0x00000000f6f3c8e0,0x00000000f6f80000)
  to   space 14336K, 0% used [0x00000000f5380000,0x00000000f5380000,0x00000000f6180000)
 ParOldGen       total 88576K, used 37614K [0x00000000a0000000, 0x00000000a5680000, 0x00000000e0000000)
  object space 88576K, 42% used [0x00000000a0000000,0x00000000a24bb960,0x00000000a5680000)
 Metaspace       used 71633K, capacity 75271K, committed 75608K, reserved 1114112K
  class space    used 9344K, capacity 10026K, committed 10112K, reserved 1048576K
Event: 1519.535 GC heap after
Heap after GC invocations=24 (full 3):
 PSYoungGen      total 299520K, used 6151K [0x00000000e0000000, 0x00000000f6880000, 0x0000000100000000)
  eden space 292864K, 0% used [0x00000000e0000000,0x00000000e0000000,0x00000000f1e00000)
  from space 6656K, 92% used [0x00000000f5380000,0x00000000f5981d78,0x00000000f5a00000)
  to   space 13824K, 0% used [0x00000000f5b00000,0x00000000f5b00000,0x00000000f6880000)
 ParOldGen       total 88576K, used 37622K [0x00000000a0000000, 0x00000000a5680000, 0x00000000e0000000)
  object space 88576K, 42% used [0x00000000a0000000,0x00000000a24bd960,0x00000000a5680000)
 Metaspace       used 71633K, capacity 75271K, committed 75608K, reserved 1114112K
  class space    used 9344K, capacity 10026K, committed 10112K, reserved 1048576K
}

